CRITICAL - 2020-11-29 20:06:06 --> Call to undefined method CodeIgniter\View\View::extends()
#0 C:\xampp\htdocs\ulul_albaab\vendor\codeigniter4\framework\system\View\View.php(246): include()
#1 C:\xampp\htdocs\ulul_albaab\vendor\codeigniter4\framework\system\Common.php(1119): CodeIgniter\View\View->render('auth/login', Array, true)
#2 C:\xampp\htdocs\ulul_albaab\app\Controllers\Home.php(9): view('auth/login')
#3 C:\xampp\htdocs\ulul_albaab\vendor\codeigniter4\framework\system\CodeIgniter.php(918): App\Controllers\Home->index()
#4 C:\xampp\htdocs\ulul_albaab\vendor\codeigniter4\framework\system\CodeIgniter.php(404): CodeIgniter\CodeIgniter->runController(Object(App\Controllers\Home))
#5 C:\xampp\htdocs\ulul_albaab\vendor\codeigniter4\framework\system\CodeIgniter.php(312): CodeIgniter\CodeIgniter->handleRequest(NULL, Object(Config\Cache), false)
#6 C:\xampp\htdocs\ulul_albaab\public\index.php(45): CodeIgniter\CodeIgniter->run()
#7 C:\xampp\htdocs\ulul_albaab\vendor\codeigniter4\framework\system\Commands\Server\rewrite.php(34): require_once('C:\\xampp\\htdocs...')
#8 {main}
CRITICAL - 2020-11-29 21:26:55 --> syntax error, unexpected '$this' (T_VARIABLE)
#0 C:\xampp\htdocs\ulul_albaab\vendor\codeigniter4\framework\system\Autoloader\Autoloader.php(296): CodeIgniter\Autoloader\Autoloader->requireFile('C:\\xampp\\htdocs...')
#1 C:\xampp\htdocs\ulul_albaab\vendor\codeigniter4\framework\system\Autoloader\Autoloader.php(258): CodeIgniter\Autoloader\Autoloader->loadInNamespace('App\\Controllers...')
#2 [internal function]: CodeIgniter\Autoloader\Autoloader->loadClass('App\\Controllers...')
#3 [internal function]: spl_autoload_call('App\\Controllers...')
#4 C:\xampp\htdocs\ulul_albaab\vendor\codeigniter4\framework\system\CodeIgniter.php(869): class_exists('\\App\\Controller...', true)
#5 C:\xampp\htdocs\ulul_albaab\vendor\codeigniter4\framework\system\CodeIgniter.php(394): CodeIgniter\CodeIgniter->startController()
#6 C:\xampp\htdocs\ulul_albaab\vendor\codeigniter4\framework\system\CodeIgniter.php(312): CodeIgniter\CodeIgniter->handleRequest(NULL, Object(Config\Cache), false)
#7 C:\xampp\htdocs\ulul_albaab\public\index.php(45): CodeIgniter\CodeIgniter->run()
#8 C:\xampp\htdocs\ulul_albaab\vendor\codeigniter4\framework\system\Commands\Server\rewrite.php(34): require_once('C:\\xampp\\htdocs...')
#9 {main}
CRITICAL - 2020-11-29 21:27:30 --> Class 'App\Controllers\PunggawaModel' not found
#0 C:\xampp\htdocs\ulul_albaab\vendor\codeigniter4\framework\system\CodeIgniter.php(890): App\Controllers\Admin->__construct()
#1 C:\xampp\htdocs\ulul_albaab\vendor\codeigniter4\framework\system\CodeIgniter.php(399): CodeIgniter\CodeIgniter->createController()
#2 C:\xampp\htdocs\ulul_albaab\vendor\codeigniter4\framework\system\CodeIgniter.php(312): CodeIgniter\CodeIgniter->handleRequest(NULL, Object(Config\Cache), false)
#3 C:\xampp\htdocs\ulul_albaab\public\index.php(45): CodeIgniter\CodeIgniter->run()
#4 C:\xampp\htdocs\ulul_albaab\vendor\codeigniter4\framework\system\Commands\Server\rewrite.php(34): require_once('C:\\xampp\\htdocs...')
#5 {main}
CRITICAL - 2020-11-29 21:28:50 --> Class 'App\Controllers\PunggawaModel' not found
#0 C:\xampp\htdocs\ulul_albaab\vendor\codeigniter4\framework\system\CodeIgniter.php(890): App\Controllers\Admin->__construct()
#1 C:\xampp\htdocs\ulul_albaab\vendor\codeigniter4\framework\system\CodeIgniter.php(399): CodeIgniter\CodeIgniter->createController()
#2 C:\xampp\htdocs\ulul_albaab\vendor\codeigniter4\framework\system\CodeIgniter.php(312): CodeIgniter\CodeIgniter->handleRequest(NULL, Object(Config\Cache), false)
#3 C:\xampp\htdocs\ulul_albaab\public\index.php(45): CodeIgniter\CodeIgniter->run()
#4 C:\xampp\htdocs\ulul_albaab\vendor\codeigniter4\framework\system\Commands\Server\rewrite.php(34): require_once('C:\\xampp\\htdocs...')
#5 {main}
