CRITICAL - 2020-11-27 07:42:33 --> Invalid file: layouts/template.php
#0 C:\xampp\htdocs\ulul_albaab\vendor\codeigniter4\framework\system\View\View.php(228): CodeIgniter\Exceptions\FrameworkException::forInvalidFile('layouts/templat...')
#1 C:\xampp\htdocs\ulul_albaab\vendor\codeigniter4\framework\system\Common.php(1119): CodeIgniter\View\View->render('layouts/templat...', Array, true)
#2 C:\xampp\htdocs\ulul_albaab\app\Controllers\Home.php(9): view('layouts/templat...')
#3 C:\xampp\htdocs\ulul_albaab\vendor\codeigniter4\framework\system\CodeIgniter.php(918): App\Controllers\Home->index()
#4 C:\xampp\htdocs\ulul_albaab\vendor\codeigniter4\framework\system\CodeIgniter.php(404): CodeIgniter\CodeIgniter->runController(Object(App\Controllers\Home))
#5 C:\xampp\htdocs\ulul_albaab\vendor\codeigniter4\framework\system\CodeIgniter.php(312): CodeIgniter\CodeIgniter->handleRequest(NULL, Object(Config\Cache), false)
#6 C:\xampp\htdocs\ulul_albaab\public\index.php(45): CodeIgniter\CodeIgniter->run()
#7 C:\xampp\htdocs\ulul_albaab\vendor\codeigniter4\framework\system\Commands\Server\rewrite.php(34): require_once('C:\\xampp\\htdocs...')
#8 {main}
CRITICAL - 2020-11-27 07:42:56 --> Invalid file: admin_login.php
#0 C:\xampp\htdocs\ulul_albaab\vendor\codeigniter4\framework\system\View\View.php(228): CodeIgniter\Exceptions\FrameworkException::forInvalidFile('admin_login.php')
#1 C:\xampp\htdocs\ulul_albaab\vendor\codeigniter4\framework\system\Common.php(1119): CodeIgniter\View\View->render('admin_login', Array, true)
#2 C:\xampp\htdocs\ulul_albaab\app\Controllers\Home.php(9): view('admin_login')
#3 C:\xampp\htdocs\ulul_albaab\vendor\codeigniter4\framework\system\CodeIgniter.php(918): App\Controllers\Home->index()
#4 C:\xampp\htdocs\ulul_albaab\vendor\codeigniter4\framework\system\CodeIgniter.php(404): CodeIgniter\CodeIgniter->runController(Object(App\Controllers\Home))
#5 C:\xampp\htdocs\ulul_albaab\vendor\codeigniter4\framework\system\CodeIgniter.php(312): CodeIgniter\CodeIgniter->handleRequest(NULL, Object(Config\Cache), false)
#6 C:\xampp\htdocs\ulul_albaab\public\index.php(45): CodeIgniter\CodeIgniter->run()
#7 C:\xampp\htdocs\ulul_albaab\vendor\codeigniter4\framework\system\Commands\Server\rewrite.php(34): require_once('C:\\xampp\\htdocs...')
#8 {main}
CRITICAL - 2020-11-27 07:43:16 --> Invalid file: logn_admin.php
#0 C:\xampp\htdocs\ulul_albaab\vendor\codeigniter4\framework\system\View\View.php(228): CodeIgniter\Exceptions\FrameworkException::forInvalidFile('logn_admin.php')
#1 C:\xampp\htdocs\ulul_albaab\vendor\codeigniter4\framework\system\Common.php(1119): CodeIgniter\View\View->render('logn_admin', Array, true)
#2 C:\xampp\htdocs\ulul_albaab\app\Controllers\Home.php(9): view('logn_admin')
#3 C:\xampp\htdocs\ulul_albaab\vendor\codeigniter4\framework\system\CodeIgniter.php(918): App\Controllers\Home->index()
#4 C:\xampp\htdocs\ulul_albaab\vendor\codeigniter4\framework\system\CodeIgniter.php(404): CodeIgniter\CodeIgniter->runController(Object(App\Controllers\Home))
#5 C:\xampp\htdocs\ulul_albaab\vendor\codeigniter4\framework\system\CodeIgniter.php(312): CodeIgniter\CodeIgniter->handleRequest(NULL, Object(Config\Cache), false)
#6 C:\xampp\htdocs\ulul_albaab\public\index.php(45): CodeIgniter\CodeIgniter->run()
#7 C:\xampp\htdocs\ulul_albaab\vendor\codeigniter4\framework\system\Commands\Server\rewrite.php(34): require_once('C:\\xampp\\htdocs...')
#8 {main}
CRITICAL - 2020-11-27 07:43:18 --> Invalid file: logn_admin.php
#0 C:\xampp\htdocs\ulul_albaab\vendor\codeigniter4\framework\system\View\View.php(228): CodeIgniter\Exceptions\FrameworkException::forInvalidFile('logn_admin.php')
#1 C:\xampp\htdocs\ulul_albaab\vendor\codeigniter4\framework\system\Common.php(1119): CodeIgniter\View\View->render('logn_admin', Array, true)
#2 C:\xampp\htdocs\ulul_albaab\app\Controllers\Home.php(9): view('logn_admin')
#3 C:\xampp\htdocs\ulul_albaab\vendor\codeigniter4\framework\system\CodeIgniter.php(918): App\Controllers\Home->index()
#4 C:\xampp\htdocs\ulul_albaab\vendor\codeigniter4\framework\system\CodeIgniter.php(404): CodeIgniter\CodeIgniter->runController(Object(App\Controllers\Home))
#5 C:\xampp\htdocs\ulul_albaab\vendor\codeigniter4\framework\system\CodeIgniter.php(312): CodeIgniter\CodeIgniter->handleRequest(NULL, Object(Config\Cache), false)
#6 C:\xampp\htdocs\ulul_albaab\public\index.php(45): CodeIgniter\CodeIgniter->run()
#7 C:\xampp\htdocs\ulul_albaab\vendor\codeigniter4\framework\system\Commands\Server\rewrite.php(34): require_once('C:\\xampp\\htdocs...')
#8 {main}
