CRITICAL - 2020-12-02 21:28:19 --> Call to undefined method CodeIgniter\View\View::extends()
#0 C:\xampp\htdocs\ulul_albaab\vendor\codeigniter4\framework\system\View\View.php(246): include()
#1 C:\xampp\htdocs\ulul_albaab\vendor\codeigniter4\framework\system\Common.php(1119): CodeIgniter\View\View->render('auth/login', Array, true)
#2 C:\xampp\htdocs\ulul_albaab\app\Controllers\Home.php(9): view('auth/login')
#3 C:\xampp\htdocs\ulul_albaab\vendor\codeigniter4\framework\system\CodeIgniter.php(918): App\Controllers\Home->index()
#4 C:\xampp\htdocs\ulul_albaab\vendor\codeigniter4\framework\system\CodeIgniter.php(404): CodeIgniter\CodeIgniter->runController(Object(App\Controllers\Home))
#5 C:\xampp\htdocs\ulul_albaab\vendor\codeigniter4\framework\system\CodeIgniter.php(312): CodeIgniter\CodeIgniter->handleRequest(NULL, Object(Config\Cache), false)
#6 C:\xampp\htdocs\ulul_albaab\public\index.php(45): CodeIgniter\CodeIgniter->run()
#7 C:\xampp\htdocs\ulul_albaab\vendor\codeigniter4\framework\system\Commands\Server\rewrite.php(34): require_once('C:\\xampp\\htdocs...')
#8 {main}
CRITICAL - 2020-12-02 21:31:02 --> Invalid file: auth/login.php
#0 C:\xampp\htdocs\ulul_albaab\vendor\codeigniter4\framework\system\View\View.php(228): CodeIgniter\Exceptions\FrameworkException::forInvalidFile('auth/login.php')
#1 C:\xampp\htdocs\ulul_albaab\vendor\codeigniter4\framework\system\Common.php(1119): CodeIgniter\View\View->render('auth/login', Array, true)
#2 C:\xampp\htdocs\ulul_albaab\app\Controllers\Home.php(9): view('auth/login')
#3 C:\xampp\htdocs\ulul_albaab\vendor\codeigniter4\framework\system\CodeIgniter.php(918): App\Controllers\Home->index()
#4 C:\xampp\htdocs\ulul_albaab\vendor\codeigniter4\framework\system\CodeIgniter.php(404): CodeIgniter\CodeIgniter->runController(Object(App\Controllers\Home))
#5 C:\xampp\htdocs\ulul_albaab\vendor\codeigniter4\framework\system\CodeIgniter.php(312): CodeIgniter\CodeIgniter->handleRequest(NULL, Object(Config\Cache), false)
#6 C:\xampp\htdocs\ulul_albaab\public\index.php(45): CodeIgniter\CodeIgniter->run()
#7 C:\xampp\htdocs\ulul_albaab\vendor\codeigniter4\framework\system\Commands\Server\rewrite.php(34): require_once('C:\\xampp\\htdocs...')
#8 {main}
CRITICAL - 2020-12-02 21:31:07 --> Invalid file: auth/login.php
#0 C:\xampp\htdocs\ulul_albaab\vendor\codeigniter4\framework\system\View\View.php(228): CodeIgniter\Exceptions\FrameworkException::forInvalidFile('auth/login.php')
#1 C:\xampp\htdocs\ulul_albaab\vendor\codeigniter4\framework\system\Common.php(1119): CodeIgniter\View\View->render('auth/login', Array, true)
#2 C:\xampp\htdocs\ulul_albaab\app\Controllers\Home.php(9): view('auth/login')
#3 C:\xampp\htdocs\ulul_albaab\vendor\codeigniter4\framework\system\CodeIgniter.php(918): App\Controllers\Home->index()
#4 C:\xampp\htdocs\ulul_albaab\vendor\codeigniter4\framework\system\CodeIgniter.php(404): CodeIgniter\CodeIgniter->runController(Object(App\Controllers\Home))
#5 C:\xampp\htdocs\ulul_albaab\vendor\codeigniter4\framework\system\CodeIgniter.php(312): CodeIgniter\CodeIgniter->handleRequest(NULL, Object(Config\Cache), false)
#6 C:\xampp\htdocs\ulul_albaab\public\index.php(45): CodeIgniter\CodeIgniter->run()
#7 C:\xampp\htdocs\ulul_albaab\vendor\codeigniter4\framework\system\Commands\Server\rewrite.php(34): require_once('C:\\xampp\\htdocs...')
#8 {main}
CRITICAL - 2020-12-02 21:32:06 --> Invalid file: auth/login.php
#0 C:\xampp\htdocs\ulul_albaab\vendor\codeigniter4\framework\system\View\View.php(228): CodeIgniter\Exceptions\FrameworkException::forInvalidFile('auth/login.php')
#1 C:\xampp\htdocs\ulul_albaab\vendor\codeigniter4\framework\system\Common.php(1119): CodeIgniter\View\View->render('auth/login', Array, true)
#2 C:\xampp\htdocs\ulul_albaab\app\Controllers\Home.php(9): view('auth/login')
#3 C:\xampp\htdocs\ulul_albaab\vendor\codeigniter4\framework\system\CodeIgniter.php(918): App\Controllers\Home->index()
#4 C:\xampp\htdocs\ulul_albaab\vendor\codeigniter4\framework\system\CodeIgniter.php(404): CodeIgniter\CodeIgniter->runController(Object(App\Controllers\Home))
#5 C:\xampp\htdocs\ulul_albaab\vendor\codeigniter4\framework\system\CodeIgniter.php(312): CodeIgniter\CodeIgniter->handleRequest(NULL, Object(Config\Cache), false)
#6 C:\xampp\htdocs\ulul_albaab\public\index.php(45): CodeIgniter\CodeIgniter->run()
#7 C:\xampp\htdocs\ulul_albaab\vendor\codeigniter4\framework\system\Commands\Server\rewrite.php(34): require_once('C:\\xampp\\htdocs...')
#8 {main}
CRITICAL - 2020-12-02 21:32:16 --> Invalid file: auth/login.php
#0 C:\xampp\htdocs\ulul_albaab\vendor\codeigniter4\framework\system\View\View.php(228): CodeIgniter\Exceptions\FrameworkException::forInvalidFile('auth/login.php')
#1 C:\xampp\htdocs\ulul_albaab\vendor\codeigniter4\framework\system\Common.php(1119): CodeIgniter\View\View->render('auth/login', Array, true)
#2 C:\xampp\htdocs\ulul_albaab\app\Controllers\Home.php(9): view('auth/login')
#3 C:\xampp\htdocs\ulul_albaab\vendor\codeigniter4\framework\system\CodeIgniter.php(918): App\Controllers\Home->index()
#4 C:\xampp\htdocs\ulul_albaab\vendor\codeigniter4\framework\system\CodeIgniter.php(404): CodeIgniter\CodeIgniter->runController(Object(App\Controllers\Home))
#5 C:\xampp\htdocs\ulul_albaab\vendor\codeigniter4\framework\system\CodeIgniter.php(312): CodeIgniter\CodeIgniter->handleRequest(NULL, Object(Config\Cache), false)
#6 C:\xampp\htdocs\ulul_albaab\public\index.php(45): CodeIgniter\CodeIgniter->run()
#7 C:\xampp\htdocs\ulul_albaab\vendor\codeigniter4\framework\system\Commands\Server\rewrite.php(34): require_once('C:\\xampp\\htdocs...')
#8 {main}
CRITICAL - 2020-12-02 21:32:36 --> Invalid file: auth/login.php
#0 C:\xampp\htdocs\ulul_albaab\vendor\codeigniter4\framework\system\View\View.php(228): CodeIgniter\Exceptions\FrameworkException::forInvalidFile('auth/login.php')
#1 C:\xampp\htdocs\ulul_albaab\vendor\codeigniter4\framework\system\Common.php(1119): CodeIgniter\View\View->render('auth/login', Array, true)
#2 C:\xampp\htdocs\ulul_albaab\app\Controllers\Home.php(9): view('auth/login')
#3 C:\xampp\htdocs\ulul_albaab\vendor\codeigniter4\framework\system\CodeIgniter.php(918): App\Controllers\Home->index()
#4 C:\xampp\htdocs\ulul_albaab\vendor\codeigniter4\framework\system\CodeIgniter.php(404): CodeIgniter\CodeIgniter->runController(Object(App\Controllers\Home))
#5 C:\xampp\htdocs\ulul_albaab\vendor\codeigniter4\framework\system\CodeIgniter.php(312): CodeIgniter\CodeIgniter->handleRequest(NULL, Object(Config\Cache), false)
#6 C:\xampp\htdocs\ulul_albaab\public\index.php(45): CodeIgniter\CodeIgniter->run()
#7 C:\xampp\htdocs\ulul_albaab\vendor\codeigniter4\framework\system\Commands\Server\rewrite.php(34): require_once('C:\\xampp\\htdocs...')
#8 {main}
CRITICAL - 2020-12-02 21:32:41 --> Invalid file: auth/login.php
#0 C:\xampp\htdocs\ulul_albaab\vendor\codeigniter4\framework\system\View\View.php(228): CodeIgniter\Exceptions\FrameworkException::forInvalidFile('auth/login.php')
#1 C:\xampp\htdocs\ulul_albaab\vendor\codeigniter4\framework\system\Common.php(1119): CodeIgniter\View\View->render('auth/login', Array, true)
#2 C:\xampp\htdocs\ulul_albaab\app\Controllers\Home.php(9): view('auth/login')
#3 C:\xampp\htdocs\ulul_albaab\vendor\codeigniter4\framework\system\CodeIgniter.php(918): App\Controllers\Home->index()
#4 C:\xampp\htdocs\ulul_albaab\vendor\codeigniter4\framework\system\CodeIgniter.php(404): CodeIgniter\CodeIgniter->runController(Object(App\Controllers\Home))
#5 C:\xampp\htdocs\ulul_albaab\vendor\codeigniter4\framework\system\CodeIgniter.php(312): CodeIgniter\CodeIgniter->handleRequest(NULL, Object(Config\Cache), false)
#6 C:\xampp\htdocs\ulul_albaab\public\index.php(45): CodeIgniter\CodeIgniter->run()
#7 C:\xampp\htdocs\ulul_albaab\vendor\codeigniter4\framework\system\Commands\Server\rewrite.php(34): require_once('C:\\xampp\\htdocs...')
#8 {main}
CRITICAL - 2020-12-02 21:33:26 --> Call to undefined function set_value()
#0 C:\xampp\htdocs\ulul_albaab\vendor\codeigniter4\framework\system\View\View.php(246): include()
#1 C:\xampp\htdocs\ulul_albaab\vendor\codeigniter4\framework\system\Common.php(1119): CodeIgniter\View\View->render('login_admin', Array, true)
#2 C:\xampp\htdocs\ulul_albaab\app\Controllers\Home.php(9): view('login_admin')
#3 C:\xampp\htdocs\ulul_albaab\vendor\codeigniter4\framework\system\CodeIgniter.php(918): App\Controllers\Home->index()
#4 C:\xampp\htdocs\ulul_albaab\vendor\codeigniter4\framework\system\CodeIgniter.php(404): CodeIgniter\CodeIgniter->runController(Object(App\Controllers\Home))
#5 C:\xampp\htdocs\ulul_albaab\vendor\codeigniter4\framework\system\CodeIgniter.php(312): CodeIgniter\CodeIgniter->handleRequest(NULL, Object(Config\Cache), false)
#6 C:\xampp\htdocs\ulul_albaab\public\index.php(45): CodeIgniter\CodeIgniter->run()
#7 C:\xampp\htdocs\ulul_albaab\vendor\codeigniter4\framework\system\Commands\Server\rewrite.php(34): require_once('C:\\xampp\\htdocs...')
#8 {main}
